2025-01-23 15:19:42 [main] INFO  c.example.cliente.ClienteApplication - Starting ClienteApplication using Java 17.0.8.1 on DESKTOP-BOGVQ1A with PID 2244 (D:\Proyectos Personales\PROYECTOS SPRING JAVA\sonar_cliente\cliente\target\classes started by USER in D:\Proyectos Personales\PROYECTOS SPRING JAVA\sonar_cliente\cliente)
2025-01-23 15:19:42 [main] INFO  c.example.cliente.ClienteApplication - No active profile set, falling back to 1 default profile: "default"
2025-01-23 15:19:44 [main] INFO  o.s.d.r.c.RepositoryConfigurationDelegate - Bootstrapping Spring Data JPA repositories in DEFAULT mode.
2025-01-23 15:19:44 [main] INFO  o.s.d.r.c.RepositoryConfigurationDelegate - Finished Spring Data repository scanning in 63 ms. Found 1 JPA repository interfaces.
2025-01-23 15:19:45 [main] INFO  o.s.b.w.e.tomcat.TomcatWebServer - Tomcat initialized with port(s): 8003 (http)
2025-01-23 15:19:45 [main] INFO  o.a.coyote.http11.Http11NioProtocol - Initializing ProtocolHandler ["http-nio-8003"]
2025-01-23 15:19:45 [main] INFO  o.a.catalina.core.StandardService - Starting service [Tomcat]
2025-01-23 15:19:45 [main] INFO  o.a.catalina.core.StandardEngine - Starting Servlet engine: [Apache Tomcat/9.0.60]
2025-01-23 15:19:45 [main] INFO  o.a.c.c.C.[Tomcat].[localhost].[/] - Initializing Spring embedded WebApplicationContext
2025-01-23 15:19:45 [main] INFO  o.s.b.w.s.c.ServletWebServerApplicationContext - Root WebApplicationContext: initialization completed in 2373 ms
2025-01-23 15:19:45 [main] INFO  com.zaxxer.hikari.HikariDataSource - HikariPool-1 - Starting...
2025-01-23 15:19:45 [main] INFO  com.zaxxer.hikari.HikariDataSource - HikariPool-1 - Start completed.
2025-01-23 15:19:45 [main] INFO  o.s.b.a.h.H2ConsoleAutoConfiguration - H2 console available at '/h2-console'. Database available at 'jdbc:h2:mem:cliente'
2025-01-23 15:19:45 [main] INFO  o.h.jpa.internal.util.LogHelper - HHH000204: Processing PersistenceUnitInfo [name: default]
2025-01-23 15:19:45 [main] INFO  org.hibernate.Version - HHH000412: Hibernate ORM core version 5.6.7.Final
2025-01-23 15:19:46 [main] INFO  o.h.annotations.common.Version - HCANN000001: Hibernate Commons Annotations {5.1.2.Final}
2025-01-23 15:19:46 [main] INFO  org.hibernate.dialect.Dialect - HHH000400: Using dialect: org.hibernate.dialect.H2Dialect
2025-01-23 15:19:47 [main] INFO  o.h.e.t.j.p.i.JtaPlatformInitiator - HHH000490: Using JtaPlatform implementation: [org.hibernate.engine.transaction.jta.platform.internal.NoJtaPlatform]
2025-01-23 15:19:47 [main] INFO  o.s.o.j.LocalContainerEntityManagerFactoryBean - Initialized JPA EntityManagerFactory for persistence unit 'default'
2025-01-23 15:19:47 [main] WARN  o.s.b.a.o.j.JpaBaseConfiguration$JpaWebConfiguration - spring.jpa.open-in-view is enabled by default. Therefore, database queries may be performed during view rendering. Explicitly configure spring.jpa.open-in-view to disable this warning
2025-01-23 15:19:48 [main] INFO  o.s.s.web.DefaultSecurityFilterChain - Will not secure any request
2025-01-23 15:19:49 [main] INFO  o.a.coyote.http11.Http11NioProtocol - Starting ProtocolHandler ["http-nio-8003"]
2025-01-23 15:19:49 [main] INFO  o.s.b.w.e.tomcat.TomcatWebServer - Tomcat started on port(s): 8003 (http) with context path ''
2025-01-23 15:19:49 [main] INFO  c.example.cliente.ClienteApplication - Started ClienteApplication in 7.525 seconds (JVM running for 8.859)
2025-01-23 15:20:10 [http-nio-8003-exec-2] INFO  o.a.c.c.C.[Tomcat].[localhost].[/] - Initializing Spring DispatcherServlet 'dispatcherServlet'
2025-01-23 15:20:10 [http-nio-8003-exec-2] INFO  o.s.web.servlet.DispatcherServlet - Initializing Servlet 'dispatcherServlet'
2025-01-23 15:20:10 [http-nio-8003-exec-2] INFO  o.s.web.servlet.DispatcherServlet - Completed initialization in 1 ms
2025-01-23 15:20:13 [http-nio-8003-exec-3] INFO  c.e.c.service.ClienteServiceImpl - Iniciando proceso para guardar cliente: Pedro Sandoval
2025-01-23 15:20:13 [http-nio-8003-exec-3] INFO  c.e.c.service.ClienteServiceImpl - Creando cliente VIP con nombre: Pedro Sandoval
2025-01-23 15:20:13 [http-nio-8003-exec-3] INFO  c.e.c.service.ClienteServiceImpl - Guardando cliente en la base de datos: Pedro Sandoval
2025-01-23 15:20:13 [http-nio-8003-exec-3] INFO  c.e.c.service.ClienteServiceImpl - Cliente guardado exitosamente. Respuesta construida: ClienteResponseDto[id=1, nombres=Pedro Sandoval, email=edwin@gmail.com, edad=23, tipoCliente=VIP, descuento=15.0]
2025-01-23 15:21:00 [SpringApplicationShutdownHook] INFO  o.s.o.j.LocalContainerEntityManagerFactoryBean - Closing JPA EntityManagerFactory for persistence unit 'default'
2025-01-23 15:21:00 [SpringApplicationShutdownHook] INFO  o.h.t.s.i.SchemaDropperImpl$DelayedDropActionImpl - HHH000477: Starting delayed evictData of schema as part of SessionFactory shut-down'
2025-01-23 15:21:00 [SpringApplicationShutdownHook] INFO  com.zaxxer.hikari.HikariDataSource - HikariPool-1 - Shutdown initiated...
2025-01-23 15:21:00 [SpringApplicationShutdownHook] INFO  com.zaxxer.hikari.HikariDataSource - HikariPool-1 - Shutdown completed.
2025-01-23 15:21:14 [main] INFO  c.example.cliente.ClienteApplication - Starting ClienteApplication using Java 17.0.8.1 on DESKTOP-BOGVQ1A with PID 9080 (D:\Proyectos Personales\PROYECTOS SPRING JAVA\sonar_cliente\cliente\target\classes started by USER in D:\Proyectos Personales\PROYECTOS SPRING JAVA\sonar_cliente\cliente)
2025-01-23 15:21:14 [main] INFO  c.example.cliente.ClienteApplication - No active profile set, falling back to 1 default profile: "default"
2025-01-23 15:21:16 [main] INFO  o.s.d.r.c.RepositoryConfigurationDelegate - Bootstrapping Spring Data JPA repositories in DEFAULT mode.
2025-01-23 15:21:16 [main] INFO  o.s.d.r.c.RepositoryConfigurationDelegate - Finished Spring Data repository scanning in 63 ms. Found 1 JPA repository interfaces.
2025-01-23 15:21:17 [main] INFO  o.s.b.w.e.tomcat.TomcatWebServer - Tomcat initialized with port(s): 8003 (http)
2025-01-23 15:21:17 [main] INFO  o.a.coyote.http11.Http11NioProtocol - Initializing ProtocolHandler ["http-nio-8003"]
2025-01-23 15:21:17 [main] INFO  o.a.catalina.core.StandardService - Starting service [Tomcat]
2025-01-23 15:21:17 [main] INFO  o.a.catalina.core.StandardEngine - Starting Servlet engine: [Apache Tomcat/9.0.60]
2025-01-23 15:21:17 [main] INFO  o.a.c.c.C.[Tomcat].[localhost].[/] - Initializing Spring embedded WebApplicationContext
2025-01-23 15:21:17 [main] INFO  o.s.b.w.s.c.ServletWebServerApplicationContext - Root WebApplicationContext: initialization completed in 2247 ms
2025-01-23 15:21:17 [main] INFO  com.zaxxer.hikari.HikariDataSource - HikariPool-1 - Starting...
2025-01-23 15:21:17 [main] INFO  com.zaxxer.hikari.HikariDataSource - HikariPool-1 - Start completed.
2025-01-23 15:21:17 [main] INFO  o.s.b.a.h.H2ConsoleAutoConfiguration - H2 console available at '/h2-console'. Database available at 'jdbc:h2:mem:cliente'
2025-01-23 15:21:17 [main] INFO  o.h.jpa.internal.util.LogHelper - HHH000204: Processing PersistenceUnitInfo [name: default]
2025-01-23 15:21:17 [main] INFO  org.hibernate.Version - HHH000412: Hibernate ORM core version 5.6.7.Final
2025-01-23 15:21:18 [main] INFO  o.h.annotations.common.Version - HCANN000001: Hibernate Commons Annotations {5.1.2.Final}
2025-01-23 15:21:18 [main] INFO  org.hibernate.dialect.Dialect - HHH000400: Using dialect: org.hibernate.dialect.H2Dialect
2025-01-23 15:21:19 [main] INFO  o.h.e.t.j.p.i.JtaPlatformInitiator - HHH000490: Using JtaPlatform implementation: [org.hibernate.engine.transaction.jta.platform.internal.NoJtaPlatform]
2025-01-23 15:21:19 [main] INFO  o.s.o.j.LocalContainerEntityManagerFactoryBean - Initialized JPA EntityManagerFactory for persistence unit 'default'
2025-01-23 15:21:19 [main] WARN  o.s.b.a.o.j.JpaBaseConfiguration$JpaWebConfiguration - spring.jpa.open-in-view is enabled by default. Therefore, database queries may be performed during view rendering. Explicitly configure spring.jpa.open-in-view to disable this warning
2025-01-23 15:21:20 [main] INFO  o.s.s.web.DefaultSecurityFilterChain - Will not secure any request
2025-01-23 15:21:21 [main] INFO  o.a.coyote.http11.Http11NioProtocol - Starting ProtocolHandler ["http-nio-8003"]
2025-01-23 15:21:21 [main] INFO  o.s.b.w.e.tomcat.TomcatWebServer - Tomcat started on port(s): 8003 (http) with context path ''
2025-01-23 15:21:21 [main] INFO  c.example.cliente.ClienteApplication - Started ClienteApplication in 7.642 seconds (JVM running for 8.943)
2025-01-23 15:22:11 [http-nio-8003-exec-2] INFO  o.a.c.c.C.[Tomcat].[localhost].[/] - Initializing Spring DispatcherServlet 'dispatcherServlet'
2025-01-23 15:22:11 [http-nio-8003-exec-2] INFO  o.s.web.servlet.DispatcherServlet - Initializing Servlet 'dispatcherServlet'
2025-01-23 15:22:11 [http-nio-8003-exec-2] INFO  o.s.web.servlet.DispatcherServlet - Completed initialization in 1 ms
2025-01-23 15:22:16 [http-nio-8003-exec-4] INFO  c.e.c.service.ClienteServiceImpl - Iniciando proceso para guardar cliente: Pedro Sandoval
2025-01-23 15:22:16 [http-nio-8003-exec-4] INFO  c.e.c.service.ClienteServiceImpl - Creando cliente VIP con nombre: Pedro Sandoval
2025-01-23 15:22:16 [http-nio-8003-exec-4] INFO  c.e.c.service.ClienteServiceImpl - Guardando cliente en la base de datos: Pedro Sandoval
2025-01-23 15:22:16 [http-nio-8003-exec-4] INFO  c.e.c.service.ClienteServiceImpl - Cliente guardado exitosamente. Respuesta construida: ClienteResponseDto[id=1, nombres=Pedro Sandoval, email=edwin@gmail.com, edad=23, tipoCliente=VIP, descuento=15.0]
2025-01-23 15:33:35 [SpringApplicationShutdownHook] INFO  o.s.o.j.LocalContainerEntityManagerFactoryBean - Closing JPA EntityManagerFactory for persistence unit 'default'
2025-01-23 15:33:35 [SpringApplicationShutdownHook] INFO  o.h.t.s.i.SchemaDropperImpl$DelayedDropActionImpl - HHH000477: Starting delayed evictData of schema as part of SessionFactory shut-down'
2025-01-23 15:33:35 [SpringApplicationShutdownHook] INFO  com.zaxxer.hikari.HikariDataSource - HikariPool-1 - Shutdown initiated...
2025-01-23 15:33:35 [SpringApplicationShutdownHook] INFO  com.zaxxer.hikari.HikariDataSource - HikariPool-1 - Shutdown completed.
2025-01-23 15:34:04 [main] INFO  c.example.cliente.ClienteApplication - Starting ClienteApplication using Java 17.0.8.1 on DESKTOP-BOGVQ1A with PID 18848 (D:\Proyectos Personales\PROYECTOS SPRING JAVA\sonar_cliente\cliente\target\classes started by USER in D:\Proyectos Personales\PROYECTOS SPRING JAVA\sonar_cliente\cliente)
2025-01-23 15:34:04 [main] INFO  c.example.cliente.ClienteApplication - No active profile set, falling back to 1 default profile: "default"
2025-01-23 15:34:06 [main] INFO  o.s.d.r.c.RepositoryConfigurationDelegate - Bootstrapping Spring Data JPA repositories in DEFAULT mode.
2025-01-23 15:34:06 [main] INFO  o.s.d.r.c.RepositoryConfigurationDelegate - Finished Spring Data repository scanning in 84 ms. Found 1 JPA repository interfaces.
2025-01-23 15:34:06 [main] INFO  o.s.b.w.e.tomcat.TomcatWebServer - Tomcat initialized with port(s): 8003 (http)
2025-01-23 15:34:06 [main] INFO  o.a.coyote.http11.Http11NioProtocol - Initializing ProtocolHandler ["http-nio-8003"]
2025-01-23 15:34:06 [main] INFO  o.a.catalina.core.StandardService - Starting service [Tomcat]
2025-01-23 15:34:06 [main] INFO  o.a.catalina.core.StandardEngine - Starting Servlet engine: [Apache Tomcat/9.0.60]
2025-01-23 15:34:07 [main] INFO  o.a.c.c.C.[Tomcat].[localhost].[/] - Initializing Spring embedded WebApplicationContext
2025-01-23 15:34:07 [main] INFO  o.s.b.w.s.c.ServletWebServerApplicationContext - Root WebApplicationContext: initialization completed in 2233 ms
2025-01-23 15:34:07 [main] INFO  com.zaxxer.hikari.HikariDataSource - HikariPool-1 - Starting...
2025-01-23 15:34:07 [main] INFO  com.zaxxer.hikari.HikariDataSource - HikariPool-1 - Start completed.
2025-01-23 15:34:07 [main] INFO  o.s.b.a.h.H2ConsoleAutoConfiguration - H2 console available at '/h2-console'. Database available at 'jdbc:h2:mem:cliente'
2025-01-23 15:34:07 [main] INFO  o.h.jpa.internal.util.LogHelper - HHH000204: Processing PersistenceUnitInfo [name: default]
2025-01-23 15:34:07 [main] INFO  org.hibernate.Version - HHH000412: Hibernate ORM core version 5.6.7.Final
2025-01-23 15:34:07 [main] INFO  o.h.annotations.common.Version - HCANN000001: Hibernate Commons Annotations {5.1.2.Final}
2025-01-23 15:34:08 [main] INFO  org.hibernate.dialect.Dialect - HHH000400: Using dialect: org.hibernate.dialect.H2Dialect
2025-01-23 15:34:08 [main] INFO  o.h.e.t.j.p.i.JtaPlatformInitiator - HHH000490: Using JtaPlatform implementation: [org.hibernate.engine.transaction.jta.platform.internal.NoJtaPlatform]
2025-01-23 15:34:08 [main] INFO  o.s.o.j.LocalContainerEntityManagerFactoryBean - Initialized JPA EntityManagerFactory for persistence unit 'default'
2025-01-23 15:34:09 [main] WARN  o.s.b.a.o.j.JpaBaseConfiguration$JpaWebConfiguration - spring.jpa.open-in-view is enabled by default. Therefore, database queries may be performed during view rendering. Explicitly configure spring.jpa.open-in-view to disable this warning
2025-01-23 15:34:09 [main] INFO  o.s.s.web.DefaultSecurityFilterChain - Will not secure any request
2025-01-23 15:34:11 [main] INFO  o.a.coyote.http11.Http11NioProtocol - Starting ProtocolHandler ["http-nio-8003"]
2025-01-23 15:34:11 [main] INFO  o.s.b.w.e.tomcat.TomcatWebServer - Tomcat started on port(s): 8003 (http) with context path ''
2025-01-23 15:34:11 [main] INFO  c.example.cliente.ClienteApplication - Started ClienteApplication in 7.587 seconds (JVM running for 8.886)
2025-01-23 15:34:18 [http-nio-8003-exec-1] INFO  o.a.c.c.C.[Tomcat].[localhost].[/] - Initializing Spring DispatcherServlet 'dispatcherServlet'
2025-01-23 15:34:18 [http-nio-8003-exec-1] INFO  o.s.web.servlet.DispatcherServlet - Initializing Servlet 'dispatcherServlet'
2025-01-23 15:34:18 [http-nio-8003-exec-1] INFO  o.s.web.servlet.DispatcherServlet - Completed initialization in 1 ms
2025-01-23 15:34:18 [http-nio-8003-exec-1] INFO  c.e.c.service.ClienteServiceImpl - Iniciando proceso para guardar cliente: Pedro Sandoval
2025-01-23 15:34:18 [http-nio-8003-exec-1] INFO  c.e.c.service.ClienteServiceImpl - Creando cliente VIP con nombre: Pedro Sandoval
2025-01-23 15:34:18 [http-nio-8003-exec-1] INFO  c.e.c.service.ClienteServiceImpl - Guardando cliente en la base de datos: Pedro Sandoval
2025-01-23 15:34:19 [http-nio-8003-exec-1] INFO  c.e.c.service.ClienteServiceImpl - Cliente guardado exitosamente. Respuesta construida: ClienteResponseDto[id=1, nombres=Pedro Sandoval, email=edwin@gmail.com, edad=23, tipoCliente=VIP, descuento=15.0]
2025-01-23 15:34:30 [http-nio-8003-exec-3] INFO  c.e.c.service.ClienteServiceImpl - Iniciando proceso para guardar cliente: Pedro222 Sandoval
2025-01-23 15:34:30 [http-nio-8003-exec-3] INFO  c.e.c.service.ClienteServiceImpl - Creando cliente REGULAR con nombre: Pedro222 Sandoval
2025-01-23 15:34:30 [http-nio-8003-exec-3] INFO  c.e.c.service.ClienteServiceImpl - Guardando cliente en la base de datos: Pedro222 Sandoval
2025-01-23 15:34:30 [http-nio-8003-exec-3] INFO  c.e.c.service.ClienteServiceImpl - Cliente guardado exitosamente. Respuesta construida: ClienteResponseDto[id=2, nombres=Pedro222 Sandoval, email=edwin@gmail.com, edad=23, tipoCliente=REGULAR, descuento=0.0]
2025-01-23 15:34:34 [http-nio-8003-exec-4] INFO  c.e.c.service.ClienteServiceImpl - Iniciando la consulta para listar todos los clientes.
2025-01-23 15:34:34 [http-nio-8003-exec-4] INFO  c.e.c.service.ClienteServiceImpl - Se encontraron 2 clientes.
2025-01-23 15:40:10 [SpringApplicationShutdownHook] INFO  o.s.o.j.LocalContainerEntityManagerFactoryBean - Closing JPA EntityManagerFactory for persistence unit 'default'
2025-01-23 15:40:10 [SpringApplicationShutdownHook] INFO  o.h.t.s.i.SchemaDropperImpl$DelayedDropActionImpl - HHH000477: Starting delayed evictData of schema as part of SessionFactory shut-down'
2025-01-23 15:40:10 [SpringApplicationShutdownHook] INFO  com.zaxxer.hikari.HikariDataSource - HikariPool-1 - Shutdown initiated...
2025-01-23 15:40:10 [SpringApplicationShutdownHook] INFO  com.zaxxer.hikari.HikariDataSource - HikariPool-1 - Shutdown completed.
2025-01-23 15:40:21 [main] INFO  c.example.cliente.ClienteApplication - Starting ClienteApplication using Java 17.0.8.1 on DESKTOP-BOGVQ1A with PID 20780 (D:\Proyectos Personales\PROYECTOS SPRING JAVA\sonar_cliente\cliente\target\classes started by USER in D:\Proyectos Personales\PROYECTOS SPRING JAVA\sonar_cliente\cliente)
2025-01-23 15:40:21 [main] INFO  c.example.cliente.ClienteApplication - No active profile set, falling back to 1 default profile: "default"
2025-01-23 15:40:23 [main] INFO  o.s.d.r.c.RepositoryConfigurationDelegate - Bootstrapping Spring Data JPA repositories in DEFAULT mode.
2025-01-23 15:40:23 [main] INFO  o.s.d.r.c.RepositoryConfigurationDelegate - Finished Spring Data repository scanning in 91 ms. Found 1 JPA repository interfaces.
2025-01-23 15:40:24 [main] INFO  o.s.b.w.e.tomcat.TomcatWebServer - Tomcat initialized with port(s): 8003 (http)
2025-01-23 15:40:24 [main] INFO  o.a.coyote.http11.Http11NioProtocol - Initializing ProtocolHandler ["http-nio-8003"]
2025-01-23 15:40:24 [main] INFO  o.a.catalina.core.StandardService - Starting service [Tomcat]
2025-01-23 15:40:24 [main] INFO  o.a.catalina.core.StandardEngine - Starting Servlet engine: [Apache Tomcat/9.0.60]
2025-01-23 15:40:24 [main] INFO  o.a.c.c.C.[Tomcat].[localhost].[/] - Initializing Spring embedded WebApplicationContext
2025-01-23 15:40:24 [main] INFO  o.s.b.w.s.c.ServletWebServerApplicationContext - Root WebApplicationContext: initialization completed in 2935 ms
2025-01-23 15:40:24 [main] INFO  com.zaxxer.hikari.HikariDataSource - HikariPool-1 - Starting...
2025-01-23 15:40:25 [main] INFO  com.zaxxer.hikari.HikariDataSource - HikariPool-1 - Start completed.
2025-01-23 15:40:25 [main] INFO  o.s.b.a.h.H2ConsoleAutoConfiguration - H2 console available at '/h2-console'. Database available at 'jdbc:h2:mem:cliente'
2025-01-23 15:40:25 [main] INFO  o.h.jpa.internal.util.LogHelper - HHH000204: Processing PersistenceUnitInfo [name: default]
2025-01-23 15:40:25 [main] INFO  org.hibernate.Version - HHH000412: Hibernate ORM core version 5.6.7.Final
2025-01-23 15:40:26 [main] INFO  o.h.annotations.common.Version - HCANN000001: Hibernate Commons Annotations {5.1.2.Final}
2025-01-23 15:40:26 [main] INFO  org.hibernate.dialect.Dialect - HHH000400: Using dialect: org.hibernate.dialect.H2Dialect
2025-01-23 15:40:27 [main] INFO  o.h.e.t.j.p.i.JtaPlatformInitiator - HHH000490: Using JtaPlatform implementation: [org.hibernate.engine.transaction.jta.platform.internal.NoJtaPlatform]
2025-01-23 15:40:27 [main] INFO  o.s.o.j.LocalContainerEntityManagerFactoryBean - Initialized JPA EntityManagerFactory for persistence unit 'default'
2025-01-23 15:40:28 [main] WARN  o.s.b.a.o.j.JpaBaseConfiguration$JpaWebConfiguration - spring.jpa.open-in-view is enabled by default. Therefore, database queries may be performed during view rendering. Explicitly configure spring.jpa.open-in-view to disable this warning
2025-01-23 15:40:29 [main] INFO  o.s.s.web.DefaultSecurityFilterChain - Will not secure any request
2025-01-23 15:40:30 [main] INFO  o.a.coyote.http11.Http11NioProtocol - Starting ProtocolHandler ["http-nio-8003"]
2025-01-23 15:40:30 [main] INFO  o.s.b.w.e.tomcat.TomcatWebServer - Tomcat started on port(s): 8003 (http) with context path ''
2025-01-23 15:40:30 [main] INFO  c.example.cliente.ClienteApplication - Started ClienteApplication in 10.168 seconds (JVM running for 11.944)
2025-01-23 15:40:47 [http-nio-8003-exec-1] INFO  o.a.c.c.C.[Tomcat].[localhost].[/] - Initializing Spring DispatcherServlet 'dispatcherServlet'
2025-01-23 15:40:47 [http-nio-8003-exec-1] INFO  o.s.web.servlet.DispatcherServlet - Initializing Servlet 'dispatcherServlet'
2025-01-23 15:40:47 [http-nio-8003-exec-1] INFO  o.s.web.servlet.DispatcherServlet - Completed initialization in 1 ms
2025-01-23 15:40:47 [http-nio-8003-exec-1] INFO  c.e.c.service.ClienteServiceImpl - Iniciando la consulta para listar todos los clientes.
2025-01-23 15:40:47 [http-nio-8003-exec-1] INFO  c.e.c.service.ClienteServiceImpl - Se encontraron 0 clientes.
2025-01-23 15:41:04 [http-nio-8003-exec-4] INFO  c.e.c.service.ClienteServiceImpl - Iniciando proceso para guardar cliente: Pedro222 Sandoval
2025-01-23 15:41:04 [http-nio-8003-exec-4] INFO  c.e.c.service.ClienteServiceImpl - Creando cliente REGULAR con nombre: Pedro222 Sandoval
2025-01-23 15:41:04 [http-nio-8003-exec-4] INFO  c.e.c.service.ClienteServiceImpl - Guardando cliente en la base de datos: Pedro222 Sandoval
2025-01-23 15:41:04 [http-nio-8003-exec-4] INFO  c.e.c.service.ClienteServiceImpl - Cliente guardado exitosamente. Respuesta construida: ClienteResponseDto[id=1, nombres=Pedro222 Sandoval, email=edwin@gmail.com, edad=23, tipoCliente=REGULAR, descuento=0.0]
2025-01-23 15:41:23 [http-nio-8003-exec-3] INFO  c.e.c.service.ClienteServiceImpl - Iniciando proceso para guardar cliente: Julio Sandoval
2025-01-23 15:41:23 [http-nio-8003-exec-3] INFO  c.e.c.service.ClienteServiceImpl - Creando cliente VIP con nombre: Julio Sandoval
2025-01-23 15:41:23 [http-nio-8003-exec-3] INFO  c.e.c.service.ClienteServiceImpl - Guardando cliente en la base de datos: Julio Sandoval
2025-01-23 15:41:23 [http-nio-8003-exec-3] INFO  c.e.c.service.ClienteServiceImpl - Cliente guardado exitosamente. Respuesta construida: ClienteResponseDto[id=2, nombres=Julio Sandoval, email=edwin@gmail.com, edad=23, tipoCliente=VIP, descuento=15.0]
2025-01-23 15:43:46 [SpringApplicationShutdownHook] INFO  o.s.o.j.LocalContainerEntityManagerFactoryBean - Closing JPA EntityManagerFactory for persistence unit 'default'
2025-01-23 15:43:46 [SpringApplicationShutdownHook] INFO  o.h.t.s.i.SchemaDropperImpl$DelayedDropActionImpl - HHH000477: Starting delayed evictData of schema as part of SessionFactory shut-down'
2025-01-23 15:43:46 [SpringApplicationShutdownHook] INFO  com.zaxxer.hikari.HikariDataSource - HikariPool-1 - Shutdown initiated...
2025-01-23 15:43:46 [SpringApplicationShutdownHook] INFO  com.zaxxer.hikari.HikariDataSource - HikariPool-1 - Shutdown completed.
2025-01-23 15:43:56 [main] INFO  c.example.cliente.ClienteApplication - Starting ClienteApplication using Java 17.0.8.1 on DESKTOP-BOGVQ1A with PID 7928 (D:\Proyectos Personales\PROYECTOS SPRING JAVA\sonar_cliente\cliente\target\classes started by USER in D:\Proyectos Personales\PROYECTOS SPRING JAVA\sonar_cliente\cliente)
2025-01-23 15:43:56 [main] INFO  c.example.cliente.ClienteApplication - No active profile set, falling back to 1 default profile: "default"
2025-01-23 15:43:57 [main] INFO  o.s.d.r.c.RepositoryConfigurationDelegate - Bootstrapping Spring Data JPA repositories in DEFAULT mode.
2025-01-23 15:43:58 [main] INFO  o.s.d.r.c.RepositoryConfigurationDelegate - Finished Spring Data repository scanning in 112 ms. Found 1 JPA repository interfaces.
2025-01-23 15:43:59 [main] INFO  o.s.b.w.e.tomcat.TomcatWebServer - Tomcat initialized with port(s): 8003 (http)
2025-01-23 15:43:59 [main] INFO  o.a.coyote.http11.Http11NioProtocol - Initializing ProtocolHandler ["http-nio-8003"]
2025-01-23 15:43:59 [main] INFO  o.a.catalina.core.StandardService - Starting service [Tomcat]
2025-01-23 15:43:59 [main] INFO  o.a.catalina.core.StandardEngine - Starting Servlet engine: [Apache Tomcat/9.0.60]
2025-01-23 15:43:59 [main] INFO  o.a.c.c.C.[Tomcat].[localhost].[/] - Initializing Spring embedded WebApplicationContext
2025-01-23 15:43:59 [main] INFO  o.s.b.w.s.c.ServletWebServerApplicationContext - Root WebApplicationContext: initialization completed in 2681 ms
2025-01-23 15:43:59 [main] INFO  com.zaxxer.hikari.HikariDataSource - HikariPool-1 - Starting...
2025-01-23 15:43:59 [main] INFO  com.zaxxer.hikari.HikariDataSource - HikariPool-1 - Start completed.
2025-01-23 15:43:59 [main] INFO  o.s.b.a.h.H2ConsoleAutoConfiguration - H2 console available at '/h2-console'. Database available at 'jdbc:h2:mem:cliente'
2025-01-23 15:43:59 [main] INFO  o.h.jpa.internal.util.LogHelper - HHH000204: Processing PersistenceUnitInfo [name: default]
2025-01-23 15:44:00 [main] INFO  org.hibernate.Version - HHH000412: Hibernate ORM core version 5.6.7.Final
2025-01-23 15:44:00 [main] INFO  o.h.annotations.common.Version - HCANN000001: Hibernate Commons Annotations {5.1.2.Final}
2025-01-23 15:44:00 [main] INFO  org.hibernate.dialect.Dialect - HHH000400: Using dialect: org.hibernate.dialect.H2Dialect
2025-01-23 15:44:01 [main] INFO  o.h.e.t.j.p.i.JtaPlatformInitiator - HHH000490: Using JtaPlatform implementation: [org.hibernate.engine.transaction.jta.platform.internal.NoJtaPlatform]
2025-01-23 15:44:01 [main] INFO  o.s.o.j.LocalContainerEntityManagerFactoryBean - Initialized JPA EntityManagerFactory for persistence unit 'default'
2025-01-23 15:44:02 [main] WARN  o.s.b.a.o.j.JpaBaseConfiguration$JpaWebConfiguration - spring.jpa.open-in-view is enabled by default. Therefore, database queries may be performed during view rendering. Explicitly configure spring.jpa.open-in-view to disable this warning
2025-01-23 15:44:03 [main] INFO  o.s.s.web.DefaultSecurityFilterChain - Will not secure any request
2025-01-23 15:44:04 [main] INFO  o.a.coyote.http11.Http11NioProtocol - Starting ProtocolHandler ["http-nio-8003"]
2025-01-23 15:44:04 [main] INFO  o.s.b.w.e.tomcat.TomcatWebServer - Tomcat started on port(s): 8003 (http) with context path ''
2025-01-23 15:44:04 [main] INFO  c.example.cliente.ClienteApplication - Started ClienteApplication in 9.312 seconds (JVM running for 10.656)
2025-01-23 15:45:22 [http-nio-8003-exec-1] INFO  o.a.c.c.C.[Tomcat].[localhost].[/] - Initializing Spring DispatcherServlet 'dispatcherServlet'
2025-01-23 15:45:22 [http-nio-8003-exec-1] INFO  o.s.web.servlet.DispatcherServlet - Initializing Servlet 'dispatcherServlet'
2025-01-23 15:45:22 [http-nio-8003-exec-1] INFO  o.s.web.servlet.DispatcherServlet - Completed initialization in 2 ms
2025-01-23 15:45:52 [http-nio-8003-exec-5] INFO  c.e.c.service.ClienteServiceImpl - Iniciando proceso para guardar cliente: Julio Sandoval
2025-01-23 15:45:53 [http-nio-8003-exec-5] INFO  c.e.c.service.ClienteServiceImpl - Creando cliente VIP con nombre: Julio Sandoval
2025-01-23 15:45:53 [http-nio-8003-exec-5] INFO  c.e.c.service.ClienteServiceImpl - Guardando cliente en la base de datos: Julio Sandoval
2025-01-23 15:45:53 [http-nio-8003-exec-5] INFO  c.e.c.service.ClienteServiceImpl - Cliente guardado exitosamente. Respuesta construida: ClienteResponseDto[id=1, nombres=Julio Sandoval, email=edwin@gmail.com, edad=23, tipoCliente=VIP, descuento=15.0]
2025-01-23 15:46:37 [SpringApplicationShutdownHook] INFO  o.s.o.j.LocalContainerEntityManagerFactoryBean - Closing JPA EntityManagerFactory for persistence unit 'default'
2025-01-23 15:46:37 [SpringApplicationShutdownHook] INFO  o.h.t.s.i.SchemaDropperImpl$DelayedDropActionImpl - HHH000477: Starting delayed evictData of schema as part of SessionFactory shut-down'
2025-01-23 15:46:37 [SpringApplicationShutdownHook] INFO  com.zaxxer.hikari.HikariDataSource - HikariPool-1 - Shutdown initiated...
2025-01-23 15:46:37 [SpringApplicationShutdownHook] INFO  com.zaxxer.hikari.HikariDataSource - HikariPool-1 - Shutdown completed.
2025-01-23 15:46:46 [main] INFO  c.example.cliente.ClienteApplication - Starting ClienteApplication using Java 17.0.8.1 on DESKTOP-BOGVQ1A with PID 9200 (D:\Proyectos Personales\PROYECTOS SPRING JAVA\sonar_cliente\cliente\target\classes started by USER in D:\Proyectos Personales\PROYECTOS SPRING JAVA\sonar_cliente\cliente)
2025-01-23 15:46:46 [main] INFO  c.example.cliente.ClienteApplication - No active profile set, falling back to 1 default profile: "default"
2025-01-23 15:46:47 [main] INFO  o.s.d.r.c.RepositoryConfigurationDelegate - Bootstrapping Spring Data JPA repositories in DEFAULT mode.
2025-01-23 15:46:47 [main] INFO  o.s.d.r.c.RepositoryConfigurationDelegate - Finished Spring Data repository scanning in 85 ms. Found 1 JPA repository interfaces.
2025-01-23 15:46:48 [main] INFO  o.s.b.w.e.tomcat.TomcatWebServer - Tomcat initialized with port(s): 8003 (http)
2025-01-23 15:46:48 [main] INFO  o.a.coyote.http11.Http11NioProtocol - Initializing ProtocolHandler ["http-nio-8003"]
2025-01-23 15:46:48 [main] INFO  o.a.catalina.core.StandardService - Starting service [Tomcat]
2025-01-23 15:46:48 [main] INFO  o.a.catalina.core.StandardEngine - Starting Servlet engine: [Apache Tomcat/9.0.60]
2025-01-23 15:46:48 [main] INFO  o.a.c.c.C.[Tomcat].[localhost].[/] - Initializing Spring embedded WebApplicationContext
2025-01-23 15:46:48 [main] INFO  o.s.b.w.s.c.ServletWebServerApplicationContext - Root WebApplicationContext: initialization completed in 2403 ms
2025-01-23 15:46:48 [main] INFO  com.zaxxer.hikari.HikariDataSource - HikariPool-1 - Starting...
2025-01-23 15:46:49 [main] INFO  com.zaxxer.hikari.HikariDataSource - HikariPool-1 - Start completed.
2025-01-23 15:46:49 [main] INFO  o.s.b.a.h.H2ConsoleAutoConfiguration - H2 console available at '/h2-console'. Database available at 'jdbc:h2:mem:cliente'
2025-01-23 15:46:49 [main] INFO  o.h.jpa.internal.util.LogHelper - HHH000204: Processing PersistenceUnitInfo [name: default]
2025-01-23 15:46:49 [main] INFO  org.hibernate.Version - HHH000412: Hibernate ORM core version 5.6.7.Final
2025-01-23 15:46:49 [main] INFO  o.h.annotations.common.Version - HCANN000001: Hibernate Commons Annotations {5.1.2.Final}
2025-01-23 15:46:49 [main] INFO  org.hibernate.dialect.Dialect - HHH000400: Using dialect: org.hibernate.dialect.H2Dialect
2025-01-23 15:46:50 [main] INFO  o.h.e.t.j.p.i.JtaPlatformInitiator - HHH000490: Using JtaPlatform implementation: [org.hibernate.engine.transaction.jta.platform.internal.NoJtaPlatform]
2025-01-23 15:46:50 [main] INFO  o.s.o.j.LocalContainerEntityManagerFactoryBean - Initialized JPA EntityManagerFactory for persistence unit 'default'
2025-01-23 15:46:51 [main] WARN  o.s.b.a.o.j.JpaBaseConfiguration$JpaWebConfiguration - spring.jpa.open-in-view is enabled by default. Therefore, database queries may be performed during view rendering. Explicitly configure spring.jpa.open-in-view to disable this warning
2025-01-23 15:46:52 [main] INFO  o.s.s.web.DefaultSecurityFilterChain - Will not secure any request
2025-01-23 15:46:53 [main] INFO  o.a.coyote.http11.Http11NioProtocol - Starting ProtocolHandler ["http-nio-8003"]
2025-01-23 15:46:53 [main] INFO  o.s.b.w.e.tomcat.TomcatWebServer - Tomcat started on port(s): 8003 (http) with context path ''
2025-01-23 15:46:53 [main] INFO  c.example.cliente.ClienteApplication - Started ClienteApplication in 8.669 seconds (JVM running for 9.959)
2025-01-23 15:46:56 [http-nio-8003-exec-1] INFO  o.a.c.c.C.[Tomcat].[localhost].[/] - Initializing Spring DispatcherServlet 'dispatcherServlet'
2025-01-23 15:46:56 [http-nio-8003-exec-1] INFO  o.s.web.servlet.DispatcherServlet - Initializing Servlet 'dispatcherServlet'
2025-01-23 15:46:56 [http-nio-8003-exec-1] INFO  o.s.web.servlet.DispatcherServlet - Completed initialization in 2 ms
2025-01-23 15:47:32 [SpringApplicationShutdownHook] INFO  o.s.o.j.LocalContainerEntityManagerFactoryBean - Closing JPA EntityManagerFactory for persistence unit 'default'
2025-01-23 15:47:32 [SpringApplicationShutdownHook] INFO  o.h.t.s.i.SchemaDropperImpl$DelayedDropActionImpl - HHH000477: Starting delayed evictData of schema as part of SessionFactory shut-down'
2025-01-23 15:47:32 [SpringApplicationShutdownHook] INFO  com.zaxxer.hikari.HikariDataSource - HikariPool-1 - Shutdown initiated...
2025-01-23 15:47:32 [SpringApplicationShutdownHook] INFO  com.zaxxer.hikari.HikariDataSource - HikariPool-1 - Shutdown completed.
2025-01-23 15:47:41 [main] INFO  c.example.cliente.ClienteApplication - Starting ClienteApplication using Java 17.0.8.1 on DESKTOP-BOGVQ1A with PID 21360 (D:\Proyectos Personales\PROYECTOS SPRING JAVA\sonar_cliente\cliente\target\classes started by USER in D:\Proyectos Personales\PROYECTOS SPRING JAVA\sonar_cliente\cliente)
2025-01-23 15:47:41 [main] INFO  c.example.cliente.ClienteApplication - No active profile set, falling back to 1 default profile: "default"
2025-01-23 15:47:43 [main] INFO  o.s.d.r.c.RepositoryConfigurationDelegate - Bootstrapping Spring Data JPA repositories in DEFAULT mode.
2025-01-23 15:47:43 [main] INFO  o.s.d.r.c.RepositoryConfigurationDelegate - Finished Spring Data repository scanning in 87 ms. Found 1 JPA repository interfaces.
2025-01-23 15:47:44 [main] INFO  o.s.b.w.e.tomcat.TomcatWebServer - Tomcat initialized with port(s): 8003 (http)
2025-01-23 15:47:44 [main] INFO  o.a.coyote.http11.Http11NioProtocol - Initializing ProtocolHandler ["http-nio-8003"]
2025-01-23 15:47:44 [main] INFO  o.a.catalina.core.StandardService - Starting service [Tomcat]
2025-01-23 15:47:44 [main] INFO  o.a.catalina.core.StandardEngine - Starting Servlet engine: [Apache Tomcat/9.0.60]
2025-01-23 15:47:44 [main] INFO  o.a.c.c.C.[Tomcat].[localhost].[/] - Initializing Spring embedded WebApplicationContext
2025-01-23 15:47:44 [main] INFO  o.s.b.w.s.c.ServletWebServerApplicationContext - Root WebApplicationContext: initialization completed in 2538 ms
2025-01-23 15:47:44 [main] INFO  com.zaxxer.hikari.HikariDataSource - HikariPool-1 - Starting...
2025-01-23 15:47:44 [main] INFO  com.zaxxer.hikari.HikariDataSource - HikariPool-1 - Start completed.
2025-01-23 15:47:44 [main] INFO  o.s.b.a.h.H2ConsoleAutoConfiguration - H2 console available at '/h2-console'. Database available at 'jdbc:h2:mem:cliente'
2025-01-23 15:47:44 [main] INFO  o.h.jpa.internal.util.LogHelper - HHH000204: Processing PersistenceUnitInfo [name: default]
2025-01-23 15:47:45 [main] INFO  org.hibernate.Version - HHH000412: Hibernate ORM core version 5.6.7.Final
2025-01-23 15:47:45 [main] INFO  o.h.annotations.common.Version - HCANN000001: Hibernate Commons Annotations {5.1.2.Final}
2025-01-23 15:47:45 [main] INFO  org.hibernate.dialect.Dialect - HHH000400: Using dialect: org.hibernate.dialect.H2Dialect
2025-01-23 15:47:46 [main] INFO  o.h.e.t.j.p.i.JtaPlatformInitiator - HHH000490: Using JtaPlatform implementation: [org.hibernate.engine.transaction.jta.platform.internal.NoJtaPlatform]
2025-01-23 15:47:46 [main] INFO  o.s.o.j.LocalContainerEntityManagerFactoryBean - Initialized JPA EntityManagerFactory for persistence unit 'default'
2025-01-23 15:47:47 [main] WARN  o.s.b.a.o.j.JpaBaseConfiguration$JpaWebConfiguration - spring.jpa.open-in-view is enabled by default. Therefore, database queries may be performed during view rendering. Explicitly configure spring.jpa.open-in-view to disable this warning
2025-01-23 15:47:47 [main] INFO  o.s.s.web.DefaultSecurityFilterChain - Will not secure any request
2025-01-23 15:47:48 [main] INFO  o.a.coyote.http11.Http11NioProtocol - Starting ProtocolHandler ["http-nio-8003"]
2025-01-23 15:47:48 [main] INFO  o.s.b.w.e.tomcat.TomcatWebServer - Tomcat started on port(s): 8003 (http) with context path ''
2025-01-23 15:47:48 [main] INFO  c.example.cliente.ClienteApplication - Started ClienteApplication in 8.168 seconds (JVM running for 9.534)
2025-01-23 15:47:56 [http-nio-8003-exec-1] INFO  o.a.c.c.C.[Tomcat].[localhost].[/] - Initializing Spring DispatcherServlet 'dispatcherServlet'
2025-01-23 15:47:56 [http-nio-8003-exec-1] INFO  o.s.web.servlet.DispatcherServlet - Initializing Servlet 'dispatcherServlet'
2025-01-23 15:47:56 [http-nio-8003-exec-1] INFO  o.s.web.servlet.DispatcherServlet - Completed initialization in 1 ms
2025-01-23 15:48:03 [http-nio-8003-exec-4] INFO  c.e.c.service.ClienteServiceImpl - Iniciando proceso para guardar cliente: Julio Sandoval
2025-01-23 15:48:03 [http-nio-8003-exec-4] INFO  c.e.c.service.ClienteServiceImpl - Creando cliente VIP con nombre: Julio Sandoval
2025-01-23 15:48:03 [http-nio-8003-exec-4] INFO  c.e.c.service.ClienteServiceImpl - Guardando cliente en la base de datos: Julio Sandoval
2025-01-23 15:48:03 [http-nio-8003-exec-4] INFO  c.e.c.service.ClienteServiceImpl - Cliente guardado exitosamente. Respuesta construida: ClienteResponseDto[id=1, nombres=Julio Sandoval, email=edwin@gmail.com, edad=23, tipoCliente=VIP, descuento=15.0]
2025-01-23 15:48:09 [http-nio-8003-exec-5] INFO  c.e.c.service.ClienteServiceImpl - Iniciando proceso para guardar cliente: Julio22 Sandoval
2025-01-23 15:48:09 [http-nio-8003-exec-5] INFO  c.e.c.service.ClienteServiceImpl - Creando cliente VIP con nombre: Julio22 Sandoval
2025-01-23 15:48:09 [http-nio-8003-exec-5] INFO  c.e.c.service.ClienteServiceImpl - Guardando cliente en la base de datos: Julio22 Sandoval
2025-01-23 15:48:09 [http-nio-8003-exec-5] INFO  c.e.c.service.ClienteServiceImpl - Cliente guardado exitosamente. Respuesta construida: ClienteResponseDto[id=2, nombres=Julio22 Sandoval, email=edwin@gmail.com, edad=23, tipoCliente=VIP, descuento=15.0]
2025-01-23 15:48:12 [http-nio-8003-exec-6] INFO  c.e.c.service.ClienteServiceImpl - Iniciando la consulta para listar todos los clientes.
2025-01-23 15:48:12 [http-nio-8003-exec-6] INFO  c.e.c.service.ClienteServiceImpl - Se encontraron 2 clientes.
2025-01-23 15:48:17 [http-nio-8003-exec-7] INFO  c.e.c.service.ClienteServiceImpl - Buscando cliente con ID: 2
2025-01-23 15:48:17 [http-nio-8003-exec-7] INFO  c.e.c.service.ClienteServiceImpl - Cliente encontrado con ID: 2
2025-01-23 15:48:24 [http-nio-8003-exec-8] INFO  c.e.c.service.ClienteServiceImpl - Buscando cliente con ID: 23
2025-01-23 15:48:24 [http-nio-8003-exec-8] WARN  c.e.c.service.ClienteServiceImpl - No se encontró un cliente con el ID: 23
2025-01-23 15:55:39 [SpringApplicationShutdownHook] INFO  o.s.o.j.LocalContainerEntityManagerFactoryBean - Closing JPA EntityManagerFactory for persistence unit 'default'
2025-01-23 15:55:39 [SpringApplicationShutdownHook] INFO  o.h.t.s.i.SchemaDropperImpl$DelayedDropActionImpl - HHH000477: Starting delayed evictData of schema as part of SessionFactory shut-down'
2025-01-23 15:55:39 [SpringApplicationShutdownHook] INFO  com.zaxxer.hikari.HikariDataSource - HikariPool-1 - Shutdown initiated...
2025-01-23 15:55:39 [SpringApplicationShutdownHook] INFO  com.zaxxer.hikari.HikariDataSource - HikariPool-1 - Shutdown completed.
2025-01-23 15:55:50 [main] INFO  c.example.cliente.ClienteApplication - Starting ClienteApplication using Java 17.0.8.1 on DESKTOP-BOGVQ1A with PID 23448 (D:\Proyectos Personales\PROYECTOS SPRING JAVA\sonar_cliente\cliente\target\classes started by USER in D:\Proyectos Personales\PROYECTOS SPRING JAVA\sonar_cliente\cliente)
2025-01-23 15:55:50 [main] INFO  c.example.cliente.ClienteApplication - No active profile set, falling back to 1 default profile: "default"
2025-01-23 15:55:53 [main] INFO  o.s.d.r.c.RepositoryConfigurationDelegate - Bootstrapping Spring Data JPA repositories in DEFAULT mode.
2025-01-23 15:55:53 [main] INFO  o.s.d.r.c.RepositoryConfigurationDelegate - Finished Spring Data repository scanning in 82 ms. Found 1 JPA repository interfaces.
2025-01-23 15:55:54 [main] INFO  o.s.b.w.e.tomcat.TomcatWebServer - Tomcat initialized with port(s): 8003 (http)
2025-01-23 15:55:54 [main] INFO  o.a.coyote.http11.Http11NioProtocol - Initializing ProtocolHandler ["http-nio-8003"]
2025-01-23 15:55:54 [main] INFO  o.a.catalina.core.StandardService - Starting service [Tomcat]
2025-01-23 15:55:54 [main] INFO  o.a.catalina.core.StandardEngine - Starting Servlet engine: [Apache Tomcat/9.0.60]
2025-01-23 15:55:55 [main] INFO  o.a.c.c.C.[Tomcat].[localhost].[/] - Initializing Spring embedded WebApplicationContext
2025-01-23 15:55:55 [main] INFO  o.s.b.w.s.c.ServletWebServerApplicationContext - Root WebApplicationContext: initialization completed in 4194 ms
2025-01-23 15:55:55 [main] INFO  com.zaxxer.hikari.HikariDataSource - HikariPool-1 - Starting...
2025-01-23 15:55:55 [main] INFO  com.zaxxer.hikari.HikariDataSource - HikariPool-1 - Start completed.
2025-01-23 15:55:55 [main] INFO  o.s.b.a.h.H2ConsoleAutoConfiguration - H2 console available at '/h2-console'. Database available at 'jdbc:h2:mem:cliente'
2025-01-23 15:55:55 [main] INFO  o.h.jpa.internal.util.LogHelper - HHH000204: Processing PersistenceUnitInfo [name: default]
2025-01-23 15:55:55 [main] INFO  org.hibernate.Version - HHH000412: Hibernate ORM core version 5.6.7.Final
2025-01-23 15:55:55 [main] INFO  o.h.annotations.common.Version - HCANN000001: Hibernate Commons Annotations {5.1.2.Final}
2025-01-23 15:55:56 [main] INFO  org.hibernate.dialect.Dialect - HHH000400: Using dialect: org.hibernate.dialect.H2Dialect
2025-01-23 15:55:57 [main] INFO  o.h.e.t.j.p.i.JtaPlatformInitiator - HHH000490: Using JtaPlatform implementation: [org.hibernate.engine.transaction.jta.platform.internal.NoJtaPlatform]
2025-01-23 15:55:57 [main] INFO  o.s.o.j.LocalContainerEntityManagerFactoryBean - Initialized JPA EntityManagerFactory for persistence unit 'default'
2025-01-23 15:55:58 [main] WARN  o.s.b.a.o.j.JpaBaseConfiguration$JpaWebConfiguration - spring.jpa.open-in-view is enabled by default. Therefore, database queries may be performed during view rendering. Explicitly configure spring.jpa.open-in-view to disable this warning
2025-01-23 15:55:58 [main] INFO  o.s.s.web.DefaultSecurityFilterChain - Will not secure any request
2025-01-23 15:55:59 [main] INFO  o.a.coyote.http11.Http11NioProtocol - Starting ProtocolHandler ["http-nio-8003"]
2025-01-23 15:55:59 [main] INFO  o.s.b.w.e.tomcat.TomcatWebServer - Tomcat started on port(s): 8003 (http) with context path ''
2025-01-23 15:55:59 [main] INFO  c.example.cliente.ClienteApplication - Started ClienteApplication in 10.475 seconds (JVM running for 11.953)
2025-01-23 15:56:04 [http-nio-8003-exec-1] INFO  o.a.c.c.C.[Tomcat].[localhost].[/] - Initializing Spring DispatcherServlet 'dispatcherServlet'
2025-01-23 15:56:04 [http-nio-8003-exec-1] INFO  o.s.web.servlet.DispatcherServlet - Initializing Servlet 'dispatcherServlet'
2025-01-23 15:56:04 [http-nio-8003-exec-1] INFO  o.s.web.servlet.DispatcherServlet - Completed initialization in 3 ms
2025-01-23 15:57:05 [SpringApplicationShutdownHook] INFO  o.s.o.j.LocalContainerEntityManagerFactoryBean - Closing JPA EntityManagerFactory for persistence unit 'default'
2025-01-23 15:57:05 [SpringApplicationShutdownHook] INFO  o.h.t.s.i.SchemaDropperImpl$DelayedDropActionImpl - HHH000477: Starting delayed evictData of schema as part of SessionFactory shut-down'
2025-01-23 15:57:05 [SpringApplicationShutdownHook] INFO  com.zaxxer.hikari.HikariDataSource - HikariPool-1 - Shutdown initiated...
2025-01-23 15:57:05 [SpringApplicationShutdownHook] INFO  com.zaxxer.hikari.HikariDataSource - HikariPool-1 - Shutdown completed.
2025-01-23 15:57:16 [main] INFO  c.example.cliente.ClienteApplication - Starting ClienteApplication using Java 17.0.8.1 on DESKTOP-BOGVQ1A with PID 9092 (D:\Proyectos Personales\PROYECTOS SPRING JAVA\sonar_cliente\cliente\target\classes started by USER in D:\Proyectos Personales\PROYECTOS SPRING JAVA\sonar_cliente\cliente)
2025-01-23 15:57:16 [main] INFO  c.example.cliente.ClienteApplication - No active profile set, falling back to 1 default profile: "default"
2025-01-23 15:57:18 [main] INFO  o.s.d.r.c.RepositoryConfigurationDelegate - Bootstrapping Spring Data JPA repositories in DEFAULT mode.
2025-01-23 15:57:18 [main] INFO  o.s.d.r.c.RepositoryConfigurationDelegate - Finished Spring Data repository scanning in 93 ms. Found 1 JPA repository interfaces.
2025-01-23 15:57:19 [main] INFO  o.s.b.w.e.tomcat.TomcatWebServer - Tomcat initialized with port(s): 8003 (http)
2025-01-23 15:57:19 [main] INFO  o.a.coyote.http11.Http11NioProtocol - Initializing ProtocolHandler ["http-nio-8003"]
2025-01-23 15:57:19 [main] INFO  o.a.catalina.core.StandardService - Starting service [Tomcat]
2025-01-23 15:57:19 [main] INFO  o.a.catalina.core.StandardEngine - Starting Servlet engine: [Apache Tomcat/9.0.60]
2025-01-23 15:57:19 [main] INFO  o.a.c.c.C.[Tomcat].[localhost].[/] - Initializing Spring embedded WebApplicationContext
2025-01-23 15:57:19 [main] INFO  o.s.b.w.s.c.ServletWebServerApplicationContext - Root WebApplicationContext: initialization completed in 2820 ms
2025-01-23 15:57:19 [main] INFO  com.zaxxer.hikari.HikariDataSource - HikariPool-1 - Starting...
2025-01-23 15:57:20 [main] INFO  com.zaxxer.hikari.HikariDataSource - HikariPool-1 - Start completed.
2025-01-23 15:57:20 [main] INFO  o.s.b.a.h.H2ConsoleAutoConfiguration - H2 console available at '/h2-console'. Database available at 'jdbc:h2:mem:cliente'
2025-01-23 15:57:20 [main] INFO  o.h.jpa.internal.util.LogHelper - HHH000204: Processing PersistenceUnitInfo [name: default]
2025-01-23 15:57:20 [main] INFO  org.hibernate.Version - HHH000412: Hibernate ORM core version 5.6.7.Final
2025-01-23 15:57:21 [main] INFO  o.h.annotations.common.Version - HCANN000001: Hibernate Commons Annotations {5.1.2.Final}
2025-01-23 15:57:21 [main] INFO  org.hibernate.dialect.Dialect - HHH000400: Using dialect: org.hibernate.dialect.H2Dialect
2025-01-23 15:57:24 [main] INFO  o.h.e.t.j.p.i.JtaPlatformInitiator - HHH000490: Using JtaPlatform implementation: [org.hibernate.engine.transaction.jta.platform.internal.NoJtaPlatform]
2025-01-23 15:57:24 [main] INFO  o.s.o.j.LocalContainerEntityManagerFactoryBean - Initialized JPA EntityManagerFactory for persistence unit 'default'
2025-01-23 15:57:25 [main] WARN  o.s.b.a.o.j.JpaBaseConfiguration$JpaWebConfiguration - spring.jpa.open-in-view is enabled by default. Therefore, database queries may be performed during view rendering. Explicitly configure spring.jpa.open-in-view to disable this warning
2025-01-23 15:57:26 [main] INFO  o.s.s.web.DefaultSecurityFilterChain - Will not secure any request
2025-01-23 15:57:28 [main] INFO  o.a.coyote.http11.Http11NioProtocol - Starting ProtocolHandler ["http-nio-8003"]
2025-01-23 15:57:28 [main] INFO  o.s.b.w.e.tomcat.TomcatWebServer - Tomcat started on port(s): 8003 (http) with context path ''
2025-01-23 15:57:28 [main] INFO  c.example.cliente.ClienteApplication - Started ClienteApplication in 12.449 seconds (JVM running for 13.855)
2025-01-23 15:58:01 [http-nio-8003-exec-1] INFO  o.a.c.c.C.[Tomcat].[localhost].[/] - Initializing Spring DispatcherServlet 'dispatcherServlet'
2025-01-23 15:58:01 [http-nio-8003-exec-1] INFO  o.s.web.servlet.DispatcherServlet - Initializing Servlet 'dispatcherServlet'
2025-01-23 15:58:01 [http-nio-8003-exec-1] INFO  o.s.web.servlet.DispatcherServlet - Completed initialization in 1 ms
2025-01-23 15:59:22 [SpringApplicationShutdownHook] INFO  o.s.o.j.LocalContainerEntityManagerFactoryBean - Closing JPA EntityManagerFactory for persistence unit 'default'
2025-01-23 15:59:22 [SpringApplicationShutdownHook] INFO  o.h.t.s.i.SchemaDropperImpl$DelayedDropActionImpl - HHH000477: Starting delayed evictData of schema as part of SessionFactory shut-down'
2025-01-23 15:59:22 [SpringApplicationShutdownHook] INFO  com.zaxxer.hikari.HikariDataSource - HikariPool-1 - Shutdown initiated...
2025-01-23 15:59:22 [SpringApplicationShutdownHook] INFO  com.zaxxer.hikari.HikariDataSource - HikariPool-1 - Shutdown completed.
2025-01-23 15:59:32 [main] INFO  c.example.cliente.ClienteApplication - Starting ClienteApplication using Java 17.0.8.1 on DESKTOP-BOGVQ1A with PID 13472 (D:\Proyectos Personales\PROYECTOS SPRING JAVA\sonar_cliente\cliente\target\classes started by USER in D:\Proyectos Personales\PROYECTOS SPRING JAVA\sonar_cliente\cliente)
2025-01-23 15:59:32 [main] INFO  c.example.cliente.ClienteApplication - No active profile set, falling back to 1 default profile: "default"
2025-01-23 15:59:33 [main] INFO  o.s.d.r.c.RepositoryConfigurationDelegate - Bootstrapping Spring Data JPA repositories in DEFAULT mode.
2025-01-23 15:59:33 [main] INFO  o.s.d.r.c.RepositoryConfigurationDelegate - Finished Spring Data repository scanning in 86 ms. Found 1 JPA repository interfaces.
2025-01-23 15:59:34 [main] INFO  o.s.b.w.e.tomcat.TomcatWebServer - Tomcat initialized with port(s): 8003 (http)
2025-01-23 15:59:34 [main] INFO  o.a.coyote.http11.Http11NioProtocol - Initializing ProtocolHandler ["http-nio-8003"]
2025-01-23 15:59:34 [main] INFO  o.a.catalina.core.StandardService - Starting service [Tomcat]
2025-01-23 15:59:34 [main] INFO  o.a.catalina.core.StandardEngine - Starting Servlet engine: [Apache Tomcat/9.0.60]
2025-01-23 15:59:35 [main] INFO  o.a.c.c.C.[Tomcat].[localhost].[/] - Initializing Spring embedded WebApplicationContext
2025-01-23 15:59:35 [main] INFO  o.s.b.w.s.c.ServletWebServerApplicationContext - Root WebApplicationContext: initialization completed in 2722 ms
2025-01-23 15:59:35 [main] INFO  com.zaxxer.hikari.HikariDataSource - HikariPool-1 - Starting...
2025-01-23 15:59:35 [main] INFO  com.zaxxer.hikari.HikariDataSource - HikariPool-1 - Start completed.
2025-01-23 15:59:35 [main] INFO  o.s.b.a.h.H2ConsoleAutoConfiguration - H2 console available at '/h2-console'. Database available at 'jdbc:h2:mem:cliente'
2025-01-23 15:59:35 [main] INFO  o.h.jpa.internal.util.LogHelper - HHH000204: Processing PersistenceUnitInfo [name: default]
2025-01-23 15:59:35 [main] INFO  org.hibernate.Version - HHH000412: Hibernate ORM core version 5.6.7.Final
2025-01-23 15:59:36 [main] INFO  o.h.annotations.common.Version - HCANN000001: Hibernate Commons Annotations {5.1.2.Final}
2025-01-23 15:59:36 [main] INFO  org.hibernate.dialect.Dialect - HHH000400: Using dialect: org.hibernate.dialect.H2Dialect
2025-01-23 15:59:36 [main] INFO  o.h.e.t.j.p.i.JtaPlatformInitiator - HHH000490: Using JtaPlatform implementation: [org.hibernate.engine.transaction.jta.platform.internal.NoJtaPlatform]
2025-01-23 15:59:37 [main] INFO  o.s.o.j.LocalContainerEntityManagerFactoryBean - Initialized JPA EntityManagerFactory for persistence unit 'default'
2025-01-23 15:59:37 [main] WARN  o.s.b.a.o.j.JpaBaseConfiguration$JpaWebConfiguration - spring.jpa.open-in-view is enabled by default. Therefore, database queries may be performed during view rendering. Explicitly configure spring.jpa.open-in-view to disable this warning
2025-01-23 15:59:38 [main] INFO  o.s.s.web.DefaultSecurityFilterChain - Will not secure any request
2025-01-23 15:59:39 [main] INFO  o.a.coyote.http11.Http11NioProtocol - Starting ProtocolHandler ["http-nio-8003"]
2025-01-23 15:59:39 [main] INFO  o.s.b.w.e.tomcat.TomcatWebServer - Tomcat started on port(s): 8003 (http) with context path ''
2025-01-23 15:59:39 [main] INFO  c.example.cliente.ClienteApplication - Started ClienteApplication in 8.599 seconds (JVM running for 9.969)
2025-01-23 15:59:43 [http-nio-8003-exec-1] INFO  o.a.c.c.C.[Tomcat].[localhost].[/] - Initializing Spring DispatcherServlet 'dispatcherServlet'
2025-01-23 15:59:43 [http-nio-8003-exec-1] INFO  o.s.web.servlet.DispatcherServlet - Initializing Servlet 'dispatcherServlet'
2025-01-23 15:59:43 [http-nio-8003-exec-1] INFO  o.s.web.servlet.DispatcherServlet - Completed initialization in 1 ms
2025-01-23 16:00:00 [http-nio-8003-exec-3] INFO  c.e.c.service.ClienteServiceImpl - Iniciando proceso para guardar cliente: Julio2233 Sandoval
2025-01-23 16:00:00 [http-nio-8003-exec-3] INFO  c.e.c.service.ClienteServiceImpl - Creando cliente VIP con nombre: Julio2233 Sandoval
2025-01-23 16:00:00 [http-nio-8003-exec-3] INFO  c.e.c.service.ClienteServiceImpl - Guardando cliente en la base de datos: Julio2233 Sandoval
2025-01-23 16:00:00 [http-nio-8003-exec-3] INFO  c.e.c.service.ClienteServiceImpl - Cliente guardado exitosamente. Respuesta construida: ClienteResponseDto[id=1, nombres=Julio2233 Sandoval, email=edwin@gmail.com, edad=23, tipoCliente=VIP, descuento=15.0]
2025-01-23 16:00:05 [http-nio-8003-exec-5] INFO  c.e.c.service.ClienteServiceImpl - Iniciando proceso para guardar cliente: Julio2233ww Sandoval
2025-01-23 16:00:05 [http-nio-8003-exec-5] INFO  c.e.c.service.ClienteServiceImpl - Creando cliente VIP con nombre: Julio2233ww Sandoval
2025-01-23 16:00:05 [http-nio-8003-exec-5] INFO  c.e.c.service.ClienteServiceImpl - Guardando cliente en la base de datos: Julio2233ww Sandoval
2025-01-23 16:00:05 [http-nio-8003-exec-5] INFO  c.e.c.service.ClienteServiceImpl - Cliente guardado exitosamente. Respuesta construida: ClienteResponseDto[id=2, nombres=Julio2233ww Sandoval, email=edwin@gmail.com, edad=23, tipoCliente=VIP, descuento=15.0]
2025-01-23 16:00:09 [http-nio-8003-exec-6] INFO  c.e.c.service.ClienteServiceImpl - Iniciando la consulta para listar todos los clientes.
2025-01-23 16:00:09 [http-nio-8003-exec-6] INFO  c.e.c.service.ClienteServiceImpl - Se encontraron 2 clientes.
2025-01-23 16:02:18 [SpringApplicationShutdownHook] INFO  o.s.o.j.LocalContainerEntityManagerFactoryBean - Closing JPA EntityManagerFactory for persistence unit 'default'
2025-01-23 16:02:18 [SpringApplicationShutdownHook] INFO  o.h.t.s.i.SchemaDropperImpl$DelayedDropActionImpl - HHH000477: Starting delayed evictData of schema as part of SessionFactory shut-down'
2025-01-23 16:02:18 [SpringApplicationShutdownHook] INFO  com.zaxxer.hikari.HikariDataSource - HikariPool-1 - Shutdown initiated...
2025-01-23 16:02:18 [SpringApplicationShutdownHook] INFO  com.zaxxer.hikari.HikariDataSource - HikariPool-1 - Shutdown completed.
2025-01-23 16:02:30 [main] INFO  c.example.cliente.ClienteApplication - Starting ClienteApplication using Java 17.0.8.1 on DESKTOP-BOGVQ1A with PID 21380 (D:\Proyectos Personales\PROYECTOS SPRING JAVA\sonar_cliente\cliente\target\classes started by USER in D:\Proyectos Personales\PROYECTOS SPRING JAVA\sonar_cliente\cliente)
2025-01-23 16:02:30 [main] INFO  c.example.cliente.ClienteApplication - No active profile set, falling back to 1 default profile: "default"
2025-01-23 16:02:31 [main] INFO  o.s.d.r.c.RepositoryConfigurationDelegate - Bootstrapping Spring Data JPA repositories in DEFAULT mode.
2025-01-23 16:02:31 [main] INFO  o.s.d.r.c.RepositoryConfigurationDelegate - Finished Spring Data repository scanning in 76 ms. Found 1 JPA repository interfaces.
2025-01-23 16:02:32 [main] INFO  o.s.b.w.e.tomcat.TomcatWebServer - Tomcat initialized with port(s): 8003 (http)
2025-01-23 16:02:32 [main] INFO  o.a.coyote.http11.Http11NioProtocol - Initializing ProtocolHandler ["http-nio-8003"]
2025-01-23 16:02:32 [main] INFO  o.a.catalina.core.StandardService - Starting service [Tomcat]
2025-01-23 16:02:32 [main] INFO  o.a.catalina.core.StandardEngine - Starting Servlet engine: [Apache Tomcat/9.0.60]
2025-01-23 16:02:32 [main] INFO  o.a.c.c.C.[Tomcat].[localhost].[/] - Initializing Spring embedded WebApplicationContext
2025-01-23 16:02:32 [main] INFO  o.s.b.w.s.c.ServletWebServerApplicationContext - Root WebApplicationContext: initialization completed in 2661 ms
2025-01-23 16:02:32 [main] INFO  com.zaxxer.hikari.HikariDataSource - HikariPool-1 - Starting...
2025-01-23 16:02:33 [main] INFO  com.zaxxer.hikari.HikariDataSource - HikariPool-1 - Start completed.
2025-01-23 16:02:33 [main] INFO  o.s.b.a.h.H2ConsoleAutoConfiguration - H2 console available at '/h2-console'. Database available at 'jdbc:h2:mem:cliente'
2025-01-23 16:02:33 [main] INFO  o.h.jpa.internal.util.LogHelper - HHH000204: Processing PersistenceUnitInfo [name: default]
2025-01-23 16:02:33 [main] INFO  org.hibernate.Version - HHH000412: Hibernate ORM core version 5.6.7.Final
2025-01-23 16:02:33 [main] INFO  o.h.annotations.common.Version - HCANN000001: Hibernate Commons Annotations {5.1.2.Final}
2025-01-23 16:02:34 [main] INFO  org.hibernate.dialect.Dialect - HHH000400: Using dialect: org.hibernate.dialect.H2Dialect
2025-01-23 16:02:35 [main] INFO  o.h.e.t.j.p.i.JtaPlatformInitiator - HHH000490: Using JtaPlatform implementation: [org.hibernate.engine.transaction.jta.platform.internal.NoJtaPlatform]
2025-01-23 16:02:35 [main] INFO  o.s.o.j.LocalContainerEntityManagerFactoryBean - Initialized JPA EntityManagerFactory for persistence unit 'default'
2025-01-23 16:02:35 [main] WARN  o.s.b.a.o.j.JpaBaseConfiguration$JpaWebConfiguration - spring.jpa.open-in-view is enabled by default. Therefore, database queries may be performed during view rendering. Explicitly configure spring.jpa.open-in-view to disable this warning
2025-01-23 16:02:36 [main] INFO  o.s.s.web.DefaultSecurityFilterChain - Will not secure any request
2025-01-23 16:02:37 [main] INFO  o.a.coyote.http11.Http11NioProtocol - Starting ProtocolHandler ["http-nio-8003"]
2025-01-23 16:02:38 [main] INFO  o.s.b.w.e.tomcat.TomcatWebServer - Tomcat started on port(s): 8003 (http) with context path ''
2025-01-23 16:02:38 [main] INFO  c.example.cliente.ClienteApplication - Started ClienteApplication in 8.937 seconds (JVM running for 10.544)
2025-01-23 16:03:37 [http-nio-8003-exec-2] INFO  o.a.c.c.C.[Tomcat].[localhost].[/] - Initializing Spring DispatcherServlet 'dispatcherServlet'
2025-01-23 16:03:37 [http-nio-8003-exec-2] INFO  o.s.web.servlet.DispatcherServlet - Initializing Servlet 'dispatcherServlet'
2025-01-23 16:03:37 [http-nio-8003-exec-2] INFO  o.s.web.servlet.DispatcherServlet - Completed initialization in 2 ms
2025-01-23 16:04:13 [SpringApplicationShutdownHook] INFO  o.s.o.j.LocalContainerEntityManagerFactoryBean - Closing JPA EntityManagerFactory for persistence unit 'default'
2025-01-23 16:04:13 [SpringApplicationShutdownHook] INFO  o.h.t.s.i.SchemaDropperImpl$DelayedDropActionImpl - HHH000477: Starting delayed evictData of schema as part of SessionFactory shut-down'
2025-01-23 16:04:13 [SpringApplicationShutdownHook] INFO  com.zaxxer.hikari.HikariDataSource - HikariPool-1 - Shutdown initiated...
2025-01-23 16:04:13 [SpringApplicationShutdownHook] INFO  com.zaxxer.hikari.HikariDataSource - HikariPool-1 - Shutdown completed.
